2026-01-25 19:56:47,806 | ERROR | app_logger | Couldn't get user: {e}
2026-01-25 19:57:31,627 | ERROR | app_logger | Couldn't get user: {e}
2026-01-25 19:58:15,026 | DEBUG | app_logger | debuggggggggggggggggg
2026-01-25 19:58:15,027 | ERROR | app_logger | Couldn't get user: {e}
2026-01-25 20:01:20,312 | DEBUG | app_logger | debug me pls!!! : <sqlalchemy.engine.result.ChunkedIteratorResult object at 0x000001E92B8B1BE0>
2026-02-17 12:45:24,624 | ERROR | app_logger | Error adding session: (sqlalchemy.dialects.postgresql.asyncpg.ProgrammingError) <class 'asyncpg.exceptions.UndefinedColumnError'>: column "isPublic" of relation "session" does not exist
[SQL: INSERT INTO session (id, user_id, location_name, min_depth, max_depth, "isPublic", free_text, longest_hold_down_time, longest_hold_down_depth, entry_time, exit_time, visibility) VALUES ($1::UUID, $2::UUID, $3::VARCHAR, $4::FLOAT, $5::FLOAT, $6::BOOLEAN, $7::VARCHAR, $8::INTEGER, $9::INTEGER, $10::TIMESTAMP WITHOUT TIME ZONE, $11::TIMESTAMP WITHOUT TIME ZONE, $12::INTEGER) RETURNING session.id]
[parameters: (UUID('0052bd51-e513-4844-b6b2-1a338e2878cb'), UUID('df1ea1ca-d811-4ca1-9298-d4a38288c5d1'), 'Hadera', 12.0, 15.0, True, 'many spanish mackro', 80, 15.0, datetime.datetime(2026, 2, 16, 8, 0, tzinfo=datetime.timezone.utc), datetime.datetime(2026, 2, 16, 12, 0, tzinfo=datetime.timezone.utc), 10)]
(Background on this error at: https://sqlalche.me/e/20/f405)
2026-02-17 12:53:32,162 | ERROR | app_logger | Error adding session: Unconsumed column names: is_public
2026-02-17 14:11:10,358 | ERROR | app_logger | Error adding session: (sqlalchemy.dialects.postgresql.asyncpg.ProgrammingError) <class 'asyncpg.exceptions.DatatypeMismatchError'>: column "entry_time" is of type timestamp with time zone[] but expression is of type timestamp without time zone
HINT:  You will need to rewrite or cast the expression.
[SQL: INSERT INTO session (id, user_id, location_name, min_depth, max_depth, is_public, free_text, longest_hold_down_time, longest_hold_down_depth, entry_time, exit_time, visibility) VALUES ($1::UUID, $2::UUID, $3::VARCHAR, $4::FLOAT, $5::FLOAT, $6::BOOLEAN, $7::VARCHAR, $8::INTEGER, $9::INTEGER, $10::TIMESTAMP WITHOUT TIME ZONE, $11::TIMESTAMP WITHOUT TIME ZONE, $12::INTEGER) RETURNING session.id]
[parameters: (UUID('c941fd80-7059-49c6-93a7-ce93fba13eba'), UUID('df1ea1ca-d811-4ca1-9298-d4a38288c5d1'), 'Hadera', 12.0, 15.0, True, 'many spanish mackro', 80, 15.0, datetime.datetime(2026, 2, 16, 8, 0, tzinfo=datetime.timezone.utc), datetime.datetime(2026, 2, 16, 12, 0, tzinfo=datetime.timezone.utc), 10)]
(Background on this error at: https://sqlalche.me/e/20/f405)
2026-02-17 16:00:53,119 | ERROR | app_logger | Error adding session: (sqlalchemy.dialects.postgresql.asyncpg.Error) <class 'asyncpg.exceptions.DataError'>: invalid input for query argument $10: datetime.datetime(2026, 2, 16, 8, 0, tzi... (can't subtract offset-naive and offset-aware datetimes)
[SQL: INSERT INTO session (id, user_id, location_name, min_depth, max_depth, is_public, free_text, longest_hold_down_time, longest_hold_down_depth, entry_time, exit_time, visibility) VALUES ($1::UUID, $2::UUID, $3::VARCHAR, $4::FLOAT, $5::FLOAT, $6::BOOLEAN, $7::VARCHAR, $8::INTEGER, $9::INTEGER, $10::TIMESTAMP WITHOUT TIME ZONE, $11::TIMESTAMP WITHOUT TIME ZONE, $12::INTEGER) RETURNING session.id]
[parameters: (UUID('5970d5db-3851-4ad1-b3df-a17e299114da'), UUID('df1ea1ca-d811-4ca1-9298-d4a38288c5d1'), 'Hadera', 12.0, 15.0, True, 'many spanish mackro', 80, 15.0, datetime.datetime(2026, 2, 16, 8, 0, tzinfo=datetime.timezone.utc), datetime.datetime(2026, 2, 16, 12, 0, tzinfo=datetime.timezone.utc), 10)]
(Background on this error at: https://sqlalche.me/e/20/dbapi)
2026-02-22 16:13:08,612 | ERROR | app_logger | Error getting users: (sqlalchemy.dialects.postgresql.asyncpg.InterfaceError) <class 'asyncpg.exceptions._base.InterfaceError'>: connection is closed
[SQL: SELECT "user".id, "user".first_name, "user".last_name, "user".birthday, "user".user_name, "user".password, "user".is_admin, "user".joined_at, "user".email, "user".experience_years 
FROM "user"]
(Background on this error at: https://sqlalche.me/e/20/rvf5)
2026-02-23 14:30:40,545 | ERROR | app_logger | Error getting users: (sqlalchemy.dialects.postgresql.asyncpg.InvalidCachedStatementError) <class 'asyncpg.exceptions.InvalidCachedStatementError'>: cached statement plan is invalid due to a database schema or configuration change (SQLAlchemy asyncpg dialect will now invalidate all prepared caches in response to this exception)
[SQL: SELECT "user".id, "user".first_name, "user".last_name, "user".birthday, "user".user_name, "user".password, "user".is_admin, "user".joined_at, "user".email, "user".experience_years 
FROM "user"]
(Background on this error at: https://sqlalche.me/e/20/tw8g)
2026-03-03 15:43:19,526 | ERROR | app_logger | Error getting user by id: type object 'UserService' has no attribute 'db'
2026-03-03 15:43:48,293 | ERROR | app_logger | Error getting user by id: type object 'UserService' has no attribute 'db'
2026-03-03 15:44:06,483 | ERROR | app_logger | Error getting user by id: type object 'UserService' has no attribute 'db'
2026-03-03 15:44:26,980 | ERROR | app_logger | Error getting user by id: type object 'UserService' has no attribute 'db'
2026-03-09 16:10:39,547 | ERROR | app_logger | Error getting username: password cannot be longer than 72 bytes, truncate manually if necessary (e.g. my_password[:72])
2026-03-09 16:15:00,095 | ERROR | app_logger | Error registering user: password cannot be longer than 72 bytes, truncate manually if necessary (e.g. my_password[:72])
2026-03-09 16:19:58,721 | ERROR | app_logger | Error registering user: password cannot be longer than 72 bytes, truncate manually if necessary (e.g. my_password[:72])
2026-03-09 16:25:34,199 | ERROR | app_logger | Error registering user: password cannot be longer than 72 bytes, truncate manually if necessary (e.g. my_password[:72])
2026-03-09 16:25:51,528 | ERROR | app_logger | Error registering user: password cannot be longer than 72 bytes, truncate manually if necessary (e.g. my_password[:72])
2026-03-09 16:34:43,845 | ERROR | app_logger | Unexpected error during registration: password cannot be longer than 72 bytes, truncate manually if necessary (e.g. my_password[:72])
2026-03-09 16:35:20,041 | ERROR | app_logger | Unexpected error during registration: password cannot be longer than 72 bytes, truncate manually if necessary (e.g. my_password[:72])
2026-03-09 16:35:44,189 | ERROR | app_logger | Unexpected error during registration: password cannot be longer than 72 bytes, truncate manually if necessary (e.g. my_password[:72])
2026-03-09 16:35:52,940 | ERROR | app_logger | Unexpected error during registration: password cannot be longer than 72 bytes, truncate manually if necessary (e.g. my_password[:72])
2026-03-09 16:40:59,321 | ERROR | app_logger | Unexpected error during registration: password cannot be longer than 72 bytes, truncate manually if necessary (e.g. my_password[:72])
2026-03-09 16:42:06,131 | ERROR | app_logger | Unexpected error during registration: password cannot be longer than 72 bytes, truncate manually if necessary (e.g. my_password[:72])
2026-03-09 16:44:55,761 | ERROR | app_logger | Unexpected error during registration: password cannot be longer than 72 bytes, truncate manually if necessary (e.g. my_password[:72])
2026-03-09 16:45:26,724 | ERROR | app_logger | Unexpected error during registration: password cannot be longer than 72 bytes, truncate manually if necessary (e.g. my_password[:72])
2026-03-09 16:48:57,517 | ERROR | app_logger | Unexpected error during registration: password cannot be longer than 72 bytes, truncate manually if necessary (e.g. my_password[:72])
